1
0
0
3
0
1
1
1
6
30
27
0
0
0
1
94184
527194
427197
0
0
0
0
0
0
1
59
87878254941671549
513162479025389807
398959266032938584
0
0
0
0
0
0
0
1
39365898669487221
218055878815860272
166117470211229019
0
0
0
0
0
0
1
0
0
0
1
0
1
1
1
39365898669487221
218055878815860272
166117470211229020
0
0
0
0
4289445812807755
0
22166833388419832
12373439761539940
0
0
0
0
28874455833388076
79931057663725412
0
0
97756409230403205
0
0
467199457887670184
51030177487186778
470680630805895
0
1
317543569128832570
0
9694527863273387
0
46202777761153671
245668309341724828
10552289903155640
55275304066077054
6497013509412046
264442012843473480
43805411819966994
0
0
0
36218307916647164
63399054333378351
96907499311288769
0
78406972184429029
0
240239591119252188
0
143443123914196722
0
0
213815046131085946
25619356706347276
1
1
165532575083265475
68223569202750629
31274412907032861
13068699828429642
0
35513993433619584
80412388126623212
13352957531989859
127225818900333129
0
9979966433545247
0
7807417754502164
19385571098354519
0
0
1992286578916997
2351271566817853
157477497970290426
46264190300763549
0
0
6263692909814720
134194640221903202
0
0
0
0
2
683243454513881
0
0
0
252444966328811857
0
0
3
0
56876077084087781
135951217063549719
1
5
0
272440914990943409
14834380797556506
0
4907253209804390
1
9915527361672213
0
