1
0
2
0
1
1
2
1
6
1
2
24
1
120
1
2
6
720
1
5040
1
2
24
40320
1
6
362880
1
2
120
3628800
1
39916800
1
2
6
24
720
479001600
1
6227020800
1
2
5040
87178291200
1
6
120
1307674368000
1
2
24
40320
20922789888000
1
355687428096000
1
2
6
720
362880
6402373705728000
1
121645100408832000
0
0
1
2
1
0
0
576
1024
1
2432902008176640000
2432902008176640000
2432902008176640000
0
229442532802560000
7008426456514560000
0
2
1
0
2
1
0
2
1
0
6
1
0
6
1
0
2
1
0
2
1
0
12
1
0
12
1
0
2
1
0
6
1
0
48
1
0
2
1
0
24
1
0
2
1
0
4
1
0
48
1
0
48
1
0
2
1
0
2
1
0
4
1
0
8
1
0
216
1
0
64
1
0
2
1
0
8
1
0
288
1
0
2
1
0
6
1
0
288
1
0
2
1
0
6
1
0
24
1
0
576
1
0
384
1
0
2
1
0
2
1
0
12
1
0
24
1
0
5184
1
0
1152
1
0
2
1
0
6
1
0
4
1
0
48
1
0
3456
1
0
2
1
0
12
1
0
11520
1
0
2
1
0
72
1
0
6912
1
0
13824
1
0
2
1
0
2
1
0
6
1
0
24
1
0
16
1
0
96
1
0
20736
1
0
6
1
0
82944
1
0
2
1
0
144
1
0
41472
1
0
2
1
0
48
1
0
36864
2
0
2
1
0
4
1
0
8
1
0
576
1
0
110592
4
0
165888
8
0
2
1
0
2
1
0
4
1
0
12
1
0
48
1
0
192
1
0
829440
16
0
995328
48
0
2
1
0
4
1
0
24
1
0
384
1
0
442368
64
0
2
1
0
72
1
0
884736
288
0
2
1
0
1920
1
0
3981312
256
0
4
1
0
8
1
0
995328
1728
0
2
1
0
2
1
0
6
1
0
8
1
0
16
1
0
216
1
0
2304
1
0
7962624
2304
0
2949120
4608
0
2
1
0
1728
1
0
7962624
4096
0
2
1
0
144
1
0
17694720
8192
0
2
1
0
6
1
0
6
1
0
24
1
0
48
1
0
5184
1
0
39813120
124416
0
10616832
165888
0
2
1
0
2
1
0
24
1
0
24
1
0
576
1
0
6912
1
0
53084160
442368
0
47775744
294912
0
2
1
0
4
1
0
96
1
0
9216
1
0
71663616
1990656
0
2
1
0
6
1
0
24
1
0
432
1
0
42467328
29859840
0
2
1
0
9216
1
0
382205952
10616832
0
849346560
238878720
0
2
1
0
2
1
0
4
1
0
8
1
0
24
1
0
288
1
0
864
1
0
27648
1
0
5733089280
716636160
0
12
1
0
764411904
859963392
0
2
1
0
6
1
0
48
1
0
27648
1
0
2579890176
509607936
0
2
1
0
576
1
0
1146617856
254803968
0
2
1
0
6
1
0
192
1
0
276480
1
0
9172942848
171992678400
0
45864714240
68797071360
0
2
1
0
2
1
0
12
1
0
16
1
0
11520
1
0
82944
1
0
41278242816
30576476160
0
6
1
0
72
1
0
82556485632
1547934105600
0
2
1
0
6
1
0
12
1
0
24
1
0
192
1
0
248832
1
0
495338913792
2476694568960
0
2
1
0
1728
1
0
495338913792
19813556551680
0
2
1
0
36864
1
0
12383472844800
371504185344
0
7925422620672
6604518850560
0
2
1
0
2
1
0
6
1
0
6
1
0
24
1
0
72
1
0
480
1
0
288
1
0
2304
1
0
552960
1
0
52836150804480
35224100536320
0
396271131033600
118881339310080
0
2
1
0
331776
1
0
475525357240320
475525357240320
0
2
1
0
12
1
0
24
1
0
3456
1
0
6241270313779200
641959232274432
0
2
1
0
4
1
0
24
1
0
864
1
0
995328
1
0
4
1
0
144
1
0
2
1
0
2
1
0
8
1
0
96
1
0
13824
1
0
12441600
1
0
2
1
0
4
1
0
864
1
0
995328
1
0
2
1
0
20736
1
0
2
1
0
4
1
0
12
1
0
96
1
0
192
1
0
995328
1
0
2
1
0
2
1
0
6
1
0
8
1
0
16
1
0
48
1
0
216
1
0
1728
1
0
20736
1
0
8847360
1
0
2
1
0
19906560
1
0
2
1
0
6
1
0
384
1
0
41472
1
0
2
1
0
6
1
0
1728
1
0
39813120
1
0
12
1
0
72
1
0
2
1
0
2
1
0
12
1
0
96
1
0
110592
1
0
5971968
1
0
2
1
0
6
1
0
4
1
0
24
1
0
96
1
0
1728
1
0
6912
1
0
17915904
1
0
2
1
0
24
1
0
414720
1
0
2
1
0
63700992
1
0
2
1
0
2
1
0
4
1
0
24
1
0
8
1
0
96
1
0
288
1
0
9216
1
0
82944
1
0
31850496
1
0
4
1
0
384
1
0
2
1
0
238878720
1
0
2
1
0
276480
1
0
2
1
0
6
1
0
36
1
0
48
1
0
13824
1
0
238878720
1
0
2
1
0
2
1
0
6
1
0
12
1
0
16
1
0
48
1
0
192
1
0
3456
1
0
248832
1
0
191102976
1
0
12
1
0
144
1
0
2
1
0
6
1
0
4608
1
0
955514880
1
0
2
1
0
221184
1
0
2
1
0
286654464
1
0
4
1
0
2304
1
0
2
1
0
2
1
0
6
1
0
12
1
0
120
1
0
144
1
0
1152
1
0
18432
1
0
3317760
1
0
2579890176
1
0
2
1
0
8
1
0
384
1
0
1146617856
1
0
2
1
0
16
1
0
72
1
0
1492992
1
0
2
1
0
4
1
0
4
1
0
96
1
0
4608
1
0
20736
1
0
2579890176
1
0
